
*** Running vivado
    with args -log design_1_xfft_0_0.vds -m64 -product Vivado -mode batch -messageDb vivado.pb -notrace -source design_1_xfft_0_0.tcl



****** Vivado v2020.2 (64-bit)
  **** SW Build 3064766 on Wed Nov 18 09:12:45 MST 2020
  **** IP Build 3064653 on Wed Nov 18 14:17:31 MST 2020
    ** Copyright 1986-2020 Xilinx, Inc. All Rights Reserved.

source design_1_xfft_0_0.tcl -notrace
Command: synth_design -top design_1_xfft_0_0 -part xc7z010clg400-1 -mode out_of_context
Starting synth_design
Attempting to get a license for feature 'Synthesis' and/or device 'xc7z010'
INFO: [Common 17-349] Got license for feature 'Synthesis' and/or device 'xc7z010'
INFO: [Device 21-403] Loading part xc7z010clg400-1
INFO: [Synth 8-7079] Multithreading enabled for synth_design using a maximum of 2 processes.
INFO: [Synth 8-7078] Launching helper process for spawning children vivado processes
INFO: [Synth 8-7075] Helper process launched with PID 23836
---------------------------------------------------------------------------------
Starting RTL Elaboration : Time (s): cpu = 00:00:05 ; elapsed = 00:00:07 . Memory (MB): peak = 1188.965 ; gain = 27.566
---------------------------------------------------------------------------------
INFO: [Synth 8-638] synthesizing module 'design_1_xfft_0_0' [c:/Users/etipr/Projet_autotune_FPGA/Vivado_projet_2/APP6/APP6.srcs/sources_1/bd/design_1/ip/design_1_xfft_0_0/synth/design_1_xfft_0_0.vhd:83]
	Parameter C_XDEVICEFAMILY bound to: zynq - type: string 
	Parameter C_PART bound to: xc7z010clg400-1 - type: string 
	Parameter C_S_AXIS_CONFIG_TDATA_WIDTH bound to: 16 - type: integer 
	Parameter C_S_AXIS_DATA_TDATA_WIDTH bound to: 32 - type: integer 
	Parameter C_M_AXIS_DATA_TDATA_WIDTH bound to: 32 - type: integer 
	Parameter C_M_AXIS_DATA_TUSER_WIDTH bound to: 1 - type: integer 
	Parameter C_M_AXIS_STATUS_TDATA_WIDTH bound to: 1 - type: integer 
	Parameter C_THROTTLE_SCHEME bound to: 1 - type: integer 
	Parameter C_CHANNELS bound to: 1 - type: integer 
	Parameter C_NFFT_MAX bound to: 10 - type: integer 
	Parameter C_ARCH bound to: 3 - type: integer 
	Parameter C_HAS_NFFT bound to: 0 - type: integer 
	Parameter C_USE_FLT_PT bound to: 0 - type: integer 
	Parameter C_INPUT_WIDTH bound to: 16 - type: integer 
	Parameter C_TWIDDLE_WIDTH bound to: 16 - type: integer 
	Parameter C_OUTPUT_WIDTH bound to: 16 - type: integer 
	Parameter C_HAS_SCALING bound to: 1 - type: integer 
	Parameter C_HAS_BFP bound to: 0 - type: integer 
	Parameter C_HAS_ROUNDING bound to: 1 - type: integer 
	Parameter C_HAS_ACLKEN bound to: 0 - type: integer 
	Parameter C_HAS_ARESETN bound to: 1 - type: integer 
	Parameter C_HAS_OVFLO bound to: 0 - type: integer 
	Parameter C_HAS_NATURAL_INPUT bound to: 1 - type: integer 
	Parameter C_HAS_NATURAL_OUTPUT bound to: 0 - type: integer 
	Parameter C_HAS_CYCLIC_PREFIX bound to: 0 - type: integer 
	Parameter C_HAS_XK_INDEX bound to: 0 - type: integer 
	Parameter C_DATA_MEM_TYPE bound to: 1 - type: integer 
	Parameter C_TWIDDLE_MEM_TYPE bound to: 1 - type: integer 
	Parameter C_BRAM_STAGES bound to: 3 - type: integer 
	Parameter C_REORDER_MEM_TYPE bound to: 1 - type: integer 
	Parameter C_USE_HYBRID_RAM bound to: 0 - type: integer 
	Parameter C_OPTIMIZE_GOAL bound to: 0 - type: integer 
	Parameter C_CMPY_TYPE bound to: 2 - type: integer 
	Parameter C_BFLY_TYPE bound to: 0 - type: integer 
INFO: [Synth 8-3491] module 'xfft_v9_1_5' declared at 'c:/Users/etipr/Projet_autotune_FPGA/Vivado_projet_2/APP6/APP6.srcs/sources_1/bd/design_1/ipshared/58b9/hdl/xfft_v9_1_vh_rfs.vhd:103739' bound to instance 'U0' of component 'xfft_v9_1_5' [c:/Users/etipr/Projet_autotune_FPGA/Vivado_projet_2/APP6/APP6.srcs/sources_1/bd/design_1/ip/design_1_xfft_0_0/synth/design_1_xfft_0_0.vhd:206]
INFO: [Synth 8-256] done synthesizing module 'design_1_xfft_0_0' (53#1) [c:/Users/etipr/Projet_autotune_FPGA/Vivado_projet_2/APP6/APP6.srcs/sources_1/bd/design_1/ip/design_1_xfft_0_0/synth/design_1_xfft_0_0.vhd:83]
---------------------------------------------------------------------------------
Finished RTL Elaboration : Time (s): cpu = 00:00:50 ; elapsed = 00:00:59 . Memory (MB): peak = 2535.777 ; gain = 1374.379
---------------------------------------------------------------------------------
---------------------------------------------------------------------------------
Start Handling Custom Attributes
---------------------------------------------------------------------------------
---------------------------------------------------------------------------------
Finished Handling Custom Attributes : Time (s): cpu = 00:00:51 ; elapsed = 00:01:00 . Memory (MB): peak = 2535.777 ; gain = 1374.379
---------------------------------------------------------------------------------
---------------------------------------------------------------------------------
Finished RTL Optimization Phase 1 : Time (s): cpu = 00:00:51 ; elapsed = 00:01:00 . Memory (MB): peak = 2535.777 ; gain = 1374.379
---------------------------------------------------------------------------------
Netlist sorting complete. Time (s): cpu = 00:00:00 ; elapsed = 00:00:00.263 . Memory (MB): peak = 2535.777 ; gain = 0.000
INFO: [Netlist 29-17] Analyzing 2621 Unisim elements for replacement
INFO: [Netlist 29-28] Unisim Transformation completed in 0 CPU seconds
INFO: [Project 1-570] Preparing netlist for logic optimization

Processing XDC Constraints
Initializing timing engine
Parsing XDC File [c:/Users/etipr/Projet_autotune_FPGA/Vivado_projet_2/APP6/APP6.srcs/sources_1/bd/design_1/ip/design_1_xfft_0_0/design_1_xfft_0_0_ooc.xdc] for cell 'U0'
Finished Parsing XDC File [c:/Users/etipr/Projet_autotune_FPGA/Vivado_projet_2/APP6/APP6.srcs/sources_1/bd/design_1/ip/design_1_xfft_0_0/design_1_xfft_0_0_ooc.xdc] for cell 'U0'
Parsing XDC File [C:/Users/etipr/Projet_autotune_FPGA/Vivado_projet_2/APP6/APP6.runs/design_1_xfft_0_0_synth_1/dont_touch.xdc]
Finished Parsing XDC File [C:/Users/etipr/Projet_autotune_FPGA/Vivado_projet_2/APP6/APP6.runs/design_1_xfft_0_0_synth_1/dont_touch.xdc]
Completed Processing XDC Constraints

Netlist sorting complete. Time (s): cpu = 00:00:00 ; elapsed = 00:00:00.008 . Memory (MB): peak = 2535.777 ; gain = 0.000
INFO: [Project 1-111] Unisim Transformation Summary:
  A total of 390 instances were transformed.
  FD => FDRE: 5 instances
  FDE => FDRE: 376 instances
  FDR => FDRE: 9 instances

Constraint Validation Runtime : Time (s): cpu = 00:00:00 ; elapsed = 00:00:00.284 . Memory (MB): peak = 2535.777 ; gain = 0.000
---------------------------------------------------------------------------------
Finished Constraint Validation : Time (s): cpu = 00:00:59 ; elapsed = 00:01:09 . Memory (MB): peak = 2535.777 ; gain = 1374.379
---------------------------------------------------------------------------------
---------------------------------------------------------------------------------
Start Loading Part and Timing Information
---------------------------------------------------------------------------------
Loading part: xc7z010clg400-1
---------------------------------------------------------------------------------
Finished Loading Part and Timing Information : Time (s): cpu = 00:00:59 ; elapsed = 00:01:09 . Memory (MB): peak = 2535.777 ; gain = 1374.379
---------------------------------------------------------------------------------
---------------------------------------------------------------------------------
Start Applying 'set_property' XDC Constraints
---------------------------------------------------------------------------------
Applied set_property KEEP_HIERARCHY = SOFT for U0. (constraint file  C:/Users/etipr/Projet_autotune_FPGA/Vivado_projet_2/APP6/APP6.runs/design_1_xfft_0_0_synth_1/dont_touch.xdc, line 9).
---------------------------------------------------------------------------------
Finished applying 'set_property' XDC Constraints : Time (s): cpu = 00:00:59 ; elapsed = 00:01:09 . Memory (MB): peak = 2535.777 ; gain = 1374.379
---------------------------------------------------------------------------------
---------------------------------------------------------------------------------
Finished RTL Optimization Phase 2 : Time (s): cpu = 00:01:02 ; elapsed = 00:01:13 . Memory (MB): peak = 2535.777 ; gain = 1374.379
---------------------------------------------------------------------------------
INFO: [Synth 8-223] decloning instance 'U0/i_synth/xfft_inst/non_floating_point.arch_d.xfft_inst/FLOW/reset_sustain.resets_4_pes[4].delay_reset_pe/tc_compare' (logic_gate) to 'U0/i_synth/xfft_inst/non_floating_point.arch_d.xfft_inst/FLOW/reset_sustain.resets_4_pes[4].delay_reset_pe/tc_compare1'
INFO: [Synth 8-223] decloning instance 'U0/i_synth/xfft_inst/non_floating_point.arch_d.xfft_inst/FLOW/reset_sustain.resets_4_pes[3].delay_reset_pe/tc_compare' (logic_gate__parameterized0) to 'U0/i_synth/xfft_inst/non_floating_point.arch_d.xfft_inst/FLOW/reset_sustain.resets_4_pes[3].delay_reset_pe/tc_compare1'
INFO: [Synth 8-223] decloning instance 'U0/i_synth/xfft_inst/non_floating_point.arch_d.xfft_inst/FLOW/reset_sustain.resets_4_pes[2].delay_reset_pe/tc_compare' (logic_gate__parameterized1) to 'U0/i_synth/xfft_inst/non_floating_point.arch_d.xfft_inst/FLOW/reset_sustain.resets_4_pes[2].delay_reset_pe/tc_compare1'
INFO: [Synth 8-223] decloning instance 'cnt_sat__parameterized2:/tc_compare' (logic_gate__parameterized2) to 'cnt_sat__parameterized2:/tc_compare1'
INFO: [Synth 8-223] decloning instance 'U0/i_synth/xfft_inst/non_floating_point.arch_d.xfft_inst/FLOW/reset_sustain.delay_reset_3/tc_compare' (logic_gate__parameterized3) to 'U0/i_synth/xfft_inst/non_floating_point.arch_d.xfft_inst/FLOW/reset_sustain.delay_reset_3/tc_compare1'
INFO: [Synth 8-223] decloning instance 'U0/i_synth/xfft_inst/non_floating_point.arch_d.xfft_inst/FLOW/reset_sustain.delay_reset_7/tc_compare' (logic_gate__parameterized4) to 'U0/i_synth/xfft_inst/non_floating_point.arch_d.xfft_inst/FLOW/reset_sustain.delay_reset_7/tc_compare1'
---------------------------------------------------------------------------------
Start RTL Component Statistics 
---------------------------------------------------------------------------------
---------------------------------------------------------------------------------
Finished RTL Component Statistics 
---------------------------------------------------------------------------------
---------------------------------------------------------------------------------
Start Part Resource Summary
---------------------------------------------------------------------------------
Part Resources:
DSPs: 80 (col length:40)
BRAMs: 120 (col length: RAMB18 40 RAMB36 20)
---------------------------------------------------------------------------------
Finished Part Resource Summary
---------------------------------------------------------------------------------
---------------------------------------------------------------------------------
Start Cross Boundary and Area Optimization
---------------------------------------------------------------------------------
---------------------------------------------------------------------------------
Finished Cross Boundary and Area Optimization : Time (s): cpu = 00:01:07 ; elapsed = 00:01:18 . Memory (MB): peak = 2535.777 ; gain = 1374.379
---------------------------------------------------------------------------------
---------------------------------------------------------------------------------
Start Applying XDC Timing Constraints
---------------------------------------------------------------------------------
---------------------------------------------------------------------------------
Finished Applying XDC Timing Constraints : Time (s): cpu = 00:01:15 ; elapsed = 00:01:27 . Memory (MB): peak = 2535.777 ; gain = 1374.379
---------------------------------------------------------------------------------
---------------------------------------------------------------------------------
Start Timing Optimization
---------------------------------------------------------------------------------
---------------------------------------------------------------------------------
Finished Timing Optimization : Time (s): cpu = 00:01:16 ; elapsed = 00:01:28 . Memory (MB): peak = 2535.777 ; gain = 1374.379
---------------------------------------------------------------------------------
---------------------------------------------------------------------------------
Start Technology Mapping
---------------------------------------------------------------------------------
---------------------------------------------------------------------------------
Finished Technology Mapping : Time (s): cpu = 00:01:19 ; elapsed = 00:01:32 . Memory (MB): peak = 2535.777 ; gain = 1374.379
---------------------------------------------------------------------------------
---------------------------------------------------------------------------------
Start IO Insertion
---------------------------------------------------------------------------------
---------------------------------------------------------------------------------
Start Flattening Before IO Insertion
---------------------------------------------------------------------------------
---------------------------------------------------------------------------------
Finished Flattening Before IO Insertion
---------------------------------------------------------------------------------
---------------------------------------------------------------------------------
Start Final Netlist Cleanup
---------------------------------------------------------------------------------
---------------------------------------------------------------------------------
Finished Final Netlist Cleanup
---------------------------------------------------------------------------------
---------------------------------------------------------------------------------
Finished IO Insertion : Time (s): cpu = 00:01:22 ; elapsed = 00:01:35 . Memory (MB): peak = 2535.777 ; gain = 1374.379
---------------------------------------------------------------------------------
---------------------------------------------------------------------------------
Start Renaming Generated Instances
---------------------------------------------------------------------------------
---------------------------------------------------------------------------------
Finished Renaming Generated Instances : Time (s): cpu = 00:01:22 ; elapsed = 00:01:35 . Memory (MB): peak = 2535.777 ; gain = 1374.379
---------------------------------------------------------------------------------
---------------------------------------------------------------------------------
Start Rebuilding User Hierarchy
---------------------------------------------------------------------------------
---------------------------------------------------------------------------------
Finished Rebuilding User Hierarchy : Time (s): cpu = 00:01:23 ; elapsed = 00:01:36 . Memory (MB): peak = 2535.777 ; gain = 1374.379
---------------------------------------------------------------------------------
---------------------------------------------------------------------------------
Start Renaming Generated Ports
---------------------------------------------------------------------------------
---------------------------------------------------------------------------------
Finished Renaming Generated Ports : Time (s): cpu = 00:01:23 ; elapsed = 00:01:36 . Memory (MB): peak = 2535.777 ; gain = 1374.379
---------------------------------------------------------------------------------
---------------------------------------------------------------------------------
Start Handling Custom Attributes
---------------------------------------------------------------------------------
---------------------------------------------------------------------------------
Finished Handling Custom Attributes : Time (s): cpu = 00:01:23 ; elapsed = 00:01:36 . Memory (MB): peak = 2535.777 ; gain = 1374.379
---------------------------------------------------------------------------------
---------------------------------------------------------------------------------
Start Renaming Generated Nets
---------------------------------------------------------------------------------
---------------------------------------------------------------------------------
Finished Renaming Generated Nets : Time (s): cpu = 00:01:23 ; elapsed = 00:01:36 . Memory (MB): peak = 2535.777 ; gain = 1374.379
---------------------------------------------------------------------------------
---------------------------------------------------------------------------------
Start Writing Synthesis Report
---------------------------------------------------------------------------------

Report BlackBoxes: 
+-+--------------+----------+
| |BlackBox name |Instances |
+-+--------------+----------+
+-+--------------+----------+

Report Cell Usage: 
+------+---------+------+
|      |Cell     |Count |
+------+---------+------+
|1     |DSP48E1  |    16|
|3     |LUT1     |    39|
|4     |LUT2     |   549|
|5     |LUT3     |  1005|
|6     |LUT4     |   249|
|7     |LUT5     |    29|
|8     |LUT6     |   403|
|9     |MUXCY    |  1120|
|10    |RAM64X1S |    31|
|11    |RAMB18E1 |     4|
|13    |SRL16E   |   953|
|14    |SRLC32E  |   130|
|15    |XORCY    |  1077|
|16    |FD       |     5|
|17    |FDE      |   376|
|18    |FDR      |     8|
|19    |FDRE     |  3507|
|20    |FDSE     |    38|
+------+---------+------+
---------------------------------------------------------------------------------
Finished Writing Synthesis Report : Time (s): cpu = 00:01:23 ; elapsed = 00:01:36 . Memory (MB): peak = 2535.777 ; gain = 1374.379
---------------------------------------------------------------------------------
Synthesis finished with 0 errors, 0 critical warnings and 0 warnings.
Synthesis Optimization Runtime : Time (s): cpu = 00:00:28 ; elapsed = 00:01:31 . Memory (MB): peak = 2535.777 ; gain = 1374.379
Synthesis Optimization Complete : Time (s): cpu = 00:01:23 ; elapsed = 00:01:36 . Memory (MB): peak = 2535.777 ; gain = 1374.379
INFO: [Project 1-571] Translating synthesized netlist
Netlist sorting complete. Time (s): cpu = 00:00:00 ; elapsed = 00:00:00.160 . Memory (MB): peak = 2535.777 ; gain = 0.000
INFO: [Netlist 29-17] Analyzing 2637 Unisim elements for replacement
INFO: [Netlist 29-28] Unisim Transformation completed in 0 CPU seconds
INFO: [Project 1-570] Preparing netlist for logic optimization
INFO: [Opt 31-138] Pushed 0 inverter(s) to 0 load pin(s).
Netlist sorting complete. Time (s): cpu = 00:00:00 ; elapsed = 00:00:00.005 . Memory (MB): peak = 2535.777 ; gain = 0.000
INFO: [Project 1-111] Unisim Transformation Summary:
  A total of 765 instances were transformed.
  (MUXCY,XORCY) => CARRY4: 345 instances
  FD => FDRE: 5 instances
  FDE => FDRE: 376 instances
  FDR => FDRE: 8 instances
  RAM64X1S => RAM64X1S (RAMS64E): 31 instances

INFO: [Common 17-83] Releasing license: Synthesis
25 Infos, 0 Warnings, 0 Critical Warnings and 0 Errors encountered.
synth_design completed successfully
synth_design: Time (s): cpu = 00:01:29 ; elapsed = 00:01:45 . Memory (MB): peak = 2535.777 ; gain = 1374.379
INFO: [Common 17-1381] The checkpoint 'C:/Users/etipr/Projet_autotune_FPGA/Vivado_projet_2/APP6/APP6.runs/design_1_xfft_0_0_synth_1/design_1_xfft_0_0.dcp' has been generated.
WARNING: [Common 17-576] 'use_project_ipc' is deprecated. This option is deprecated and no longer used.
INFO: [Coretcl 2-1648] Added synthesis output to IP cache for IP design_1_xfft_0_0, cache-ID = 7ba23714e9188e57
INFO: [Coretcl 2-1174] Renamed 786 cell refs.
INFO: [Common 17-1381] The checkpoint 'C:/Users/etipr/Projet_autotune_FPGA/Vivado_projet_2/APP6/APP6.runs/design_1_xfft_0_0_synth_1/design_1_xfft_0_0.dcp' has been generated.
INFO: [runtcl-4] Executing : report_utilization -file design_1_xfft_0_0_utilization_synth.rpt -pb design_1_xfft_0_0_utilization_synth.pb
INFO: [Common 17-206] Exiting Vivado at Sun Mar 31 22:48:33 2024...
